<?xml version="1.0" encoding="UTF-8"?>
<!-- Generated by org.testng.reporters.JUnitXMLReporter -->
<testsuite hostname="prvnmali" ignored="0" name="Test" tests="3" failures="0" timestamp="02 Mar 2019 00:31:20 GMT" time="44.289" errors="0">
  <testcase name="basePageNavigation" time="23.959" classname="academy.HomePage1"/>
  <testcase name="basePageNavigation" time="7.669" classname="academy.HomePage1"/>
  <testcase name="basePageNavigation" time="8.156" classname="academy.HomePage1"/>
</testsuite> <!-- Test -->
